<?xml version="1.0" encoding="UTF-8"?>
<!-- Generated by org.testng.reporters.JUnitReportReporter -->
<testsuite hostname="DESKTOP-A34VSJG" failures="0" tests="1" name="com.inetbanking.testCases.TC_NewCutomerRegistration002" time="12.534" errors="0" timestamp="23 Jul 2023 17:20:03 GMT" skipped="0">
  <testcase classname="com.inetbanking.testCases.TC_NewCutomerRegistration002" name="testNewUserRegister" time="12.534"/>
</testsuite> <!-- com.inetbanking.testCases.TC_NewCutomerRegistration002 -->
