<?xml version="1.0" encoding="UTF-8"?>
<!-- Generated by org.testng.reporters.JUnitReportReporter -->
<testsuite hostname="DESKTOP-A34VSJG" failures="0" tests="1" name="com.inetbanking.testCases.TC_NewCustomer001" time="13.965" errors="0" timestamp="23 Jul 2023 16:15:17 GMT" skipped="0">
  <testcase classname="com.inetbanking.testCases.TC_NewCustomer001" name="newCusomerTest" time="13.965"/>
</testsuite> <!-- com.inetbanking.testCases.TC_NewCustomer001 -->
