<?xml version="1.0" encoding="UTF-8"?>
<!-- Generated by org.testng.reporters.JUnitReportReporter -->
<testsuite hostname="DESKTOP-A34VSJG" failures="0" tests="1" name="com.inetbanking.testCases.TC_LoginTest_Valid_Values_Test_001" time="7.080" errors="0" timestamp="23 Jul 2023 15:53:22 GMT" skipped="0">
  <testcase classname="com.inetbanking.testCases.TC_LoginTest_Valid_Values_Test_001" name="loginTest" time="7.080"/>
</testsuite> <!-- com.inetbanking.testCases.TC_LoginTest_Valid_Values_Test_001 -->
